#
# There is insufficient memory for the Java Runtime Environment to continue.
# Native memory allocation (malloc) failed to allocate 1048576 bytes for AllocateHeap
# Possible reasons:
#   The system is out of physical RAM or swap space
#   The process is running with CompressedOops enabled, and the Java Heap may be blocking the growth of the native heap
# Possible solutions:
#   Reduce memory load on the system
#   Increase physical memory or swap space
#   Check if swap backing store is full
#   Decrease Java heap size (-Xmx/-Xms)
#   Decrease number of Java threads
#   Decrease Java thread stack sizes (-Xss)
#   Set larger code cache with -XX:ReservedCodeCacheSize=
#   JVM is running with Zero Based Compressed Oops mode in which the Java heap is
#     placed in the first 32GB address space. The Java Heap base address is the
#     maximum limit for the native heap growth. Please use -XX:HeapBaseMinAddress
#     to set the Java Heap base and to place the Java Heap above 32GB virtual address.
# This output file may be truncated or incomplete.
#
#  Out of Memory Error (allocation.cpp:44), pid=23812, tid=20280
#
# JRE version:  (17.0.8.1+7) (build )
# Java VM: OpenJDK 64-Bit Server VM (17.0.8.1+7-b1000.32, mixed mode, sharing, tiered, compressed oops, compressed class ptrs, g1 gc, windows-amd64)
# No core dump will be written. Minidumps are not enabled by default on client versions of Windows
#

---------------  S U M M A R Y ------------

Command Line: git4idea.http.GitAskPassApp Username for 'https://github.com': 

Host: AMD Ryzen 5 PRO 5650U with Radeon Graphics     , 12 cores, 15G,  Windows 11 , 64 bit Build 22621 (10.0.22621.2428)
Time: Wed Nov  8 18:40:57 2023 Hora est. Pacífico, Sudamérica elapsed time: 0.017754 seconds (0d 0h 0m 0s)

---------------  T H R E A D  ---------------

Current thread (0x0000023427f2e790):  JavaThread "Unknown thread" [_thread_in_vm, id=20280, stack(0x000000b209b00000,0x000000b209c00000)]

Stack: [0x000000b209b00000,0x000000b209c00000]
Native frames: (J=compiled Java code, j=interpreted, Vv=VM code, C=native code)
V  [jvm.dll+0x6852da]
V  [jvm.dll+0x844c84]
V  [jvm.dll+0x84659e]
V  [jvm.dll+0x846c03]
V  [jvm.dll+0x24b7cf]
V  [jvm.dll+0xa6b2b]
V  [jvm.dll+0x2eb1a7]
V  [jvm.dll+0x2e2e8b]
V  [jvm.dll+0x815c11]
V  [jvm.dll+0x370df1]
V  [jvm.dll+0x7f4fdc]
V  [jvm.dll+0x3f3f1f]
V  [jvm.dll+0x3f5b31]
C  [jli.dll+0x528f]
C  [ucrtbase.dll+0x29363]
C  [KERNEL32.DLL+0x1257d]
C  [ntdll.dll+0x5aa78]


---------------  P R O C E S S  ---------------

Threads class SMR info:
_java_thread_list=0x00007ff8505300d8, length=0, elements={
}

Java Threads: ( => current thread )

Other Threads:
  0x0000023427f94620 GCTaskThread "GC Thread#0" [stack: 0x000000b209c00000,0x000000b209d00000] [id=29076]

[error occurred during error reporting (printing all threads), id 0xc0000005, EXCEPTION_ACCESS_VIOLATION (0xc0000005) at pc=0x00007ff84fce00f0]

VM state: not at safepoint (not fully initialized)

VM Mutex/Monitor currently owned by a thread:  ([mutex/lock_event])
[0x0000023427f2bb40] Heap_lock - owner thread: 0x0000023427f2e790

Heap address: 0x000000070ae00000, size: 3922 MB, Compressed Oops mode: Zero based, Oop shift amount: 3

CDS archive(s) mapped at: [0x0000000000000000-0x0000000000000000-0x0000000000000000), size 0, SharedBaseAddress: 0x0000000800000000, ArchiveRelocationMode: 1.
Narrow klass base: 0x0000000000000000, Narrow klass shift: 0, Narrow klass range: 0x0

GC Precious Log:
<Empty>

Heap:
 garbage-first heap   total 0K, used 0K [0x000000070ae00000, 0x0000000800000000)
  region size 2048K, 0 young (0K), 0 survivors (0K)
 Metaspace       used 0K, committed 0K, reserved 0K
  class space    used 0K, committed 0K, reserved 0K

Heap Regions: E=young(eden), S=young(survivor), O=old, HS=humongous(starts), HC=humongous(continues), CS=collection set, F=free, OA=open archive, CA=closed archive, TAMS=top-at-mark-start (previous, next)

Card table byte_map: [0x000002343b360000,0x000002343bb10000] _byte_map_base: 0x0000023437b09000

GC Heap History (0 events):
No events

Dll operation events (1 events):
Event: 0.012 Loaded shared library C:\Users\okuanbec\AppData\Local\JetBrains\Toolbox\apps\IDEA-U\ch-0\232.10072.27\jbr\bin\java.dll

Deoptimization events (0 events):
No events

Classes unloaded (0 events):
No events

Classes redefined (0 events):
No events

Internal exceptions (0 events):
No events

VM Operations (0 events):
No events

Events (0 events):
No events


Dynamic libraries:
0x00007ff6b49d0000 - 0x00007ff6b49da000 	C:\Users\okuanbec\AppData\Local\JetBrains\Toolbox\apps\IDEA-U\ch-0\232.10072.27\jbr\bin\java.exe
0x00007ff8b0d70000 - 0x00007ff8b0f87000 	C:\windows\SYSTEM32\ntdll.dll
0x00007ff8b0970000 - 0x00007ff8b0a34000 	C:\windows\System32\KERNEL32.DLL
0x00007ff8ae3d0000 - 0x00007ff8ae776000 	C:\windows\System32\KERNELBASE.dll
0x00007ff8ae1c0000 - 0x00007ff8ae2d1000 	C:\windows\System32\ucrtbase.dll
0x00007ff89ba40000 - 0x00007ff89ba57000 	C:\Users\okuanbec\AppData\Local\JetBrains\Toolbox\apps\IDEA-U\ch-0\232.10072.27\jbr\bin\jli.dll
0x00007ff8aeef0000 - 0x00007ff8af09d000 	C:\windows\System32\USER32.dll
0x00007ff8914c0000 - 0x00007ff8914db000 	C:\Users\okuanbec\AppData\Local\JetBrains\Toolbox\apps\IDEA-U\ch-0\232.10072.27\jbr\bin\VCRUNTIME140.dll
0x00007ff8ae190000 - 0x00007ff8ae1b6000 	C:\windows\System32\win32u.dll
0x00007ff8aead0000 - 0x00007ff8aeaf9000 	C:\windows\System32\GDI32.dll
0x00007ff8ae780000 - 0x00007ff8ae898000 	C:\windows\System32\gdi32full.dll
0x00007ff8816e0000 - 0x00007ff881973000 	C:\windows\WinSxS\amd64_microsoft.windows.common-controls_6595b64144ccf1df_6.0.22621.2361_none_2712ced57382f843\COMCTL32.dll
0x00007ff8ae0f0000 - 0x00007ff8ae18a000 	C:\windows\System32\msvcp_win.dll
0x00007ff8b0b50000 - 0x00007ff8b0bf7000 	C:\windows\System32\msvcrt.dll
0x00007ff8af4e0000 - 0x00007ff8af511000 	C:\windows\System32\IMM32.DLL
0x00007ff877f70000 - 0x00007ff877fa3000 	C:\Program Files (x86)\Panda Security\WAC\PSNMVHookMS64.dll
0x00007ff8aeb00000 - 0x00007ff8aeb5e000 	C:\windows\System32\SHLWAPI.dll
0x00007ff8aeb60000 - 0x00007ff8aeb68000 	C:\windows\System32\PSAPI.DLL
0x00007ff877ed0000 - 0x00007ff877f6d000 	C:\Program Files (x86)\Panda Security\WAC\PSNMVTools64.dll
0x00007ff8aec70000 - 0x00007ff8aed20000 	C:\windows\System32\ADVAPI32.dll
0x00007ff8b0a40000 - 0x00007ff8b0ae6000 	C:\windows\System32\sechost.dll
0x00007ff8b0730000 - 0x00007ff8b0847000 	C:\windows\System32\RPCRT4.dll
0x00007ff8af0a0000 - 0x00007ff8af23f000 	C:\windows\System32\ole32.dll
0x00007ff8af5b0000 - 0x00007ff8af93a000 	C:\windows\System32\combase.dll
0x00007ff8ad160000 - 0x00007ff8ad194000 	C:\windows\SYSTEM32\ntmarta.dll
0x00007ff877e60000 - 0x00007ff877ed0000 	C:\Program Files (x86)\Panda Security\WAC\PSNMVComm64.dll
0x00007ff877e40000 - 0x00007ff877e59000 	C:\Program Files (x86)\Panda Security\WAC\PSNMVHookPlg64.dll
0x00007ff88bd70000 - 0x00007ff88bd7c000 	C:\Users\okuanbec\AppData\Local\JetBrains\Toolbox\apps\IDEA-U\ch-0\232.10072.27\jbr\bin\vcruntime140_1.dll
0x00007ff87efe0000 - 0x00007ff87f06d000 	C:\Users\okuanbec\AppData\Local\JetBrains\Toolbox\apps\IDEA-U\ch-0\232.10072.27\jbr\bin\msvcp140.dll
0x00007ff84f9f0000 - 0x00007ff850673000 	C:\Users\okuanbec\AppData\Local\JetBrains\Toolbox\apps\IDEA-U\ch-0\232.10072.27\jbr\bin\server\jvm.dll
0x00007ff8a4b60000 - 0x00007ff8a4b6a000 	C:\windows\SYSTEM32\VERSION.dll
0x00007ff8a6630000 - 0x00007ff8a6664000 	C:\windows\SYSTEM32\WINMM.dll
0x00007ff8830d0000 - 0x00007ff8830d9000 	C:\windows\SYSTEM32\WSOCK32.dll
0x00007ff8af520000 - 0x00007ff8af591000 	C:\windows\System32\WS2_32.dll
0x00007ff8ade10000 - 0x00007ff8ade5d000 	C:\windows\SYSTEM32\POWRPROF.dll
0x00007ff8addf0000 - 0x00007ff8ade03000 	C:\windows\SYSTEM32\UMPDC.dll
0x00007ff8acfa0000 - 0x00007ff8acfb8000 	C:\windows\SYSTEM32\kernel.appcore.dll
0x00007ff8a8360000 - 0x00007ff8a836a000 	C:\Users\okuanbec\AppData\Local\JetBrains\Toolbox\apps\IDEA-U\ch-0\232.10072.27\jbr\bin\jimage.dll
0x00007ff89a410000 - 0x00007ff89a63e000 	C:\windows\SYSTEM32\DBGHELP.DLL
0x00007ff8af400000 - 0x00007ff8af4d7000 	C:\windows\System32\OLEAUT32.dll
0x00007ff893d50000 - 0x00007ff893d82000 	C:\windows\SYSTEM32\dbgcore.DLL
0x00007ff8ae2e0000 - 0x00007ff8ae35a000 	C:\windows\System32\bcryptPrimitives.dll
0x00007ff8a8330000 - 0x00007ff8a8355000 	C:\Users\okuanbec\AppData\Local\JetBrains\Toolbox\apps\IDEA-U\ch-0\232.10072.27\jbr\bin\java.dll

dbghelp: loaded successfully - version: 4.0.5 - missing functions: none
symbol engine: initialized successfully - sym options: 0x614 - pdb path: .;C:\Users\okuanbec\AppData\Local\JetBrains\Toolbox\apps\IDEA-U\ch-0\232.10072.27\jbr\bin;C:\windows\SYSTEM32;C:\windows\WinSxS\amd64_microsoft.windows.common-controls_6595b64144ccf1df_6.0.22621.2361_none_2712ced57382f843;C:\Program Files (x86)\Panda Security\WAC;C:\Users\okuanbec\AppData\Local\JetBrains\Toolbox\apps\IDEA-U\ch-0\232.10072.27\jbr\bin\server

VM Arguments:
java_command: git4idea.http.GitAskPassApp Username for 'https://github.com': 
java_class_path (initial): C:/Users/okuanbec/AppData/Local/JetBrains/Toolbox/apps/IDEA-U/ch-0/232.10072.27/plugins/vcs-git/lib/git4idea-rt.jar;C:/Users/okuanbec/AppData/Local/JetBrains/Toolbox/apps/IDEA-U/ch-0/232.10072.27/lib/externalProcess-rt.jar
Launcher Type: SUN_STANDARD

[Global flags]
     intx CICompilerCount                          = 4                                         {product} {ergonomic}
     uint ConcGCThreads                            = 3                                         {product} {ergonomic}
     uint G1ConcRefinementThreads                  = 10                                        {product} {ergonomic}
   size_t G1HeapRegionSize                         = 2097152                                   {product} {ergonomic}
    uintx GCDrainStackTargetSize                   = 64                                        {product} {ergonomic}
   size_t InitialHeapSize                          = 257949696                                 {product} {ergonomic}
   size_t MarkStackSize                            = 4194304                                   {product} {ergonomic}
   size_t MaxHeapSize                              = 4112515072                                {product} {ergonomic}
   size_t MinHeapDeltaBytes                        = 2097152                                   {product} {ergonomic}
   size_t MinHeapSize                              = 8388608                                   {product} {ergonomic}
    uintx NonNMethodCodeHeapSize                   = 5839372                                {pd product} {ergonomic}
    uintx NonProfiledCodeHeapSize                  = 122909434                              {pd product} {ergonomic}
    uintx ProfiledCodeHeapSize                     = 122909434                              {pd product} {ergonomic}
    uintx ReservedCodeCacheSize                    = 251658240                              {pd product} {ergonomic}
     bool SegmentedCodeCache                       = true                                      {product} {ergonomic}
   size_t SoftMaxHeapSize                          = 4112515072                             {manageable} {ergonomic}
     bool UseCompressedClassPointers               = true                           {product lp64_product} {ergonomic}
     bool UseCompressedOops                        = true                           {product lp64_product} {ergonomic}
     bool UseG1GC                                  = true                                      {product} {ergonomic}
     bool UseLargePagesIndividualAllocation        = false                                  {pd product} {ergonomic}

Logging:
Log output configuration:
 #0: stdout all=warning uptime,level,tags
 #1: stderr all=off uptime,level,tags

Environment Variables:
JAVA_HOME=C:\Program Files\Java\jdk1.8.0_202
PATH=C:/Users/okuanbec/AppData/Local/Programs/Git/mingw64/libexec/git-core;C:/Users/okuanbec/AppData/Local/Programs/Git/mingw64/libexec/git-core;C:\Users\okuanbec\AppData\Local\Programs\Git\mingw64\bin;C:\Users\okuanbec\AppData\Local\Programs\Git\usr\bin;C:\Users\okuanbec\bin;C:\Program Files (x86)\Common Files\Oracle\Java\javapath;C:\windows\system32;C:\windows;C:\windows\System32\Wbem;C:\windows\System32\WindowsPowerShell\v1.0\;C:\windows\System32\OpenSSH\;C:\Users\Administrador\AppData\Roaming\nvm;C:\Program Files\nodejs;C:\Program Files\Java\jdk1.8.0_202\bin;C:\xampp\php;C:\composer;C:\Users\okuanbec\AppData\Local\Microsoft\WindowsApps;C:\Users\okuanbec\AppData\Local\JetBrains\Toolbox\scripts;C:\Users\okuanbec\AppData\Local\Programs\Git\cmd;C:\Users\okuanbec\AppData\Local\Google\Cloud SDK\google-cloud-sdk\bin;C:\Users\okuanbec\AppData\Local\Programs\Microsoft VS Code\bin
USERNAME=okuanbec
DISPLAY=:0.0
LC_ALL=en_US.UTF-8
TERM=xterm-256color
TMPDIR=C:\Users\okuanbec\AppData\Local\Temp
OS=Windows_NT
PROCESSOR_IDENTIFIER=AMD64 Family 25 Model 80 Stepping 0, AuthenticAMD
TMP=C:\Users\okuanbec\AppData\Local\Temp
TEMP=C:\Users\okuanbec\AppData\Local\Temp


JNI global refs:
JNI global refs: 0, weak refs: 0

JNI global refs memory usage: 0, weak refs: 0

OOME stack traces (most recent first):
Classloader memory used:


---------------  S Y S T E M  ---------------

OS:
 Windows 11 , 64 bit Build 22621 (10.0.22621.2428)
OS uptime: 3 days 3:33 hours
Hyper-V role detected

CPU: total 12 (initial active 12) (12 cores per cpu, 2 threads per core) family 25 model 80 stepping 0 microcode 0x0, cx8, cmov, fxsr, ht, mmx, 3dnowpref, sse, sse2, sse3, ssse3, sse4a, sse4.1, sse4.2, popcnt, lzcnt, tsc, tscinvbit, avx, avx2, aes, erms, clmul, bmi1, bmi2, adx, sha, fma, vzeroupper, clflush, clflushopt, hv
Processor Information for processor 0
  Max Mhz: 2301, Current Mhz: 2301, Mhz Limit: 2301
Processor Information for processor 1
  Max Mhz: 2301, Current Mhz: 2301, Mhz Limit: 2301
Processor Information for processor 2
  Max Mhz: 2301, Current Mhz: 2301, Mhz Limit: 2301
Processor Information for processor 3
  Max Mhz: 2301, Current Mhz: 2301, Mhz Limit: 2301
Processor Information for processor 4
  Max Mhz: 2301, Current Mhz: 2301, Mhz Limit: 2301
Processor Information for processor 5
  Max Mhz: 2301, Current Mhz: 2301, Mhz Limit: 2301
Processor Information for processor 6
  Max Mhz: 2301, Current Mhz: 2301, Mhz Limit: 2301
Processor Information for processor 7
  Max Mhz: 2301, Current Mhz: 1990, Mhz Limit: 2301
Processor Information for processor 8
  Max Mhz: 2301, Current Mhz: 2301, Mhz Limit: 2301
Processor Information for processor 9
  Max Mhz: 2301, Current Mhz: 1990, Mhz Limit: 2301
Processor Information for processor 10
  Max Mhz: 2301, Current Mhz: 1990, Mhz Limit: 2301
Processor Information for processor 11
  Max Mhz: 2301, Current Mhz: 1990, Mhz Limit: 2301

Memory: 4k page, system-wide physical 15681M (1277M free)
TotalPageFile size 33181M (AvailPageFile size 5M)
current process WorkingSet (physical memory assigned to process): 13M, peak: 13M
current process commit charge ("private bytes"): 55M, peak: 56M

vm_info: OpenJDK 64-Bit Server VM (17.0.8.1+7-b1000.32) for windows-amd64 JRE (17.0.8.1+7-b1000.32), built on 2023-09-15 by "builduser" with MS VC++ 16.10 / 16.11 (VS2019)

END.
